<?xml version="1.0" encoding="UTF-8"?>
<!-- Generated by org.testng.reporters.JUnitXMLReporter -->
<testsuite ignored="0" hostname="DESKTOP-60ID76H" failures="0" tests="1" name="Default test" time="2.273" errors="0" timestamp="2022-06-24T20:09:35 PKT">
  <testcase classname="tests.baseClass" name="@BeforeTest setup" time="2.199">
    <failure type="org.openqa.selenium.SessionNotCreatedException" message="Could not start a new session. Response code 500. Message: An unknown server-side error occurred while processing the command. Original error: Error executing adbExec. Original error: &amp;apos;Command &amp;apos;D:\\Softwares\\android-sdk\\bin\\platform-tools\\adb.exe -P 5037 -s e1fc1895 shell &amp;apos;settings delete global hidden_api_policy_pre_p_apps;settings delete global hidden_api_policy_p_apps;settings delete global hidden_api_policy&amp;apos;&amp;apos; exited with code 255&amp;apos;; Command output: 
Exception occurred while executing &amp;apos;delete&amp;apos;:
java.lang.SecurityException: Permission denial: writing to settings requires:android.permission.WRITE_SECURE_SETTINGS
	at com.android.providers.settings.SettingsProvider.enforceWritePermission(SettingsProvider.java:2266)
	at com.android.providers.settings.SettingsProvider.mutateGlobalSetting(SettingsProvider.java:1433)
	at com.android.providers.settings.SettingsProvider.mutateGlobalSetting(SettingsProvider.java:1425)
	at com.android.providers.settings.SettingsProvider.deleteGlobalSetting(SettingsProvider.java:1396)
	at com.android.providers.settings.SettingsProvider.call(SettingsProvider.java:521)
	at android.content.ContentProvider.call(ContentProvider.java:2486)
	at android.content.ContentProvider$Transport.call(ContentProvider.java:517)
	at com.android.providers.settings.SettingsService$MyShellCommand.deleteForUser(SettingsService.java:408)
	at com.android.providers.settings.SettingsService$MyShellCommand.onCommand(SettingsService.java:282)
	at com.android.modules.utils.BasicShellCommandHandler.exec(BasicShellCommandHandler.java:97)
	at android.os.ShellCommand.exec(ShellCommand.java:38)
	at com.android.providers.settings.SettingsService.onShellCommand(SettingsService.java:50)
	at android.os.Binder.shellCommand(Binder.java:953)
	at android.os.Binder.onTransact(Binder.java:837)
	at android.os.Binder.execTransactInternal(Binder.java:1187)
	at android.os.Binder.execTransact(Binder.java:1146)

Exception occurred while executing &amp;apos;delete&amp;apos;:
java.lang.SecurityException: Permission denial: writing to settings requires:android.permission.WRITE_SECURE_SETTINGS
	at com.android.providers.settings.SettingsProvider.enforceWritePermission(SettingsProvider.java:2266)
	at com.android.providers.settings.SettingsProvider.mutateGlobalSetting(SettingsProvider.java:1433)
	at com.android.providers.settings.SettingsProvider.mutateGlobalSetting(SettingsProvider.java:1425)
	at com.android.providers.settings.SettingsProvider.deleteGlobalSetting(SettingsProvider.java:1396)
	at com.android.providers.settings.SettingsProvider.call(SettingsProvider.java:521)
	at android.content.ContentProvider.call(ContentProvider.java:2486)
	at android.content.ContentProvider$Transport.call(ContentProvider.java:517)
	at com.android.providers.settings.SettingsService$MyShellCommand.deleteForUser(SettingsService.java:408)
	at com.android.providers.settings.SettingsService$MyShellCommand.onCommand(SettingsService.java:282)
	at com.android.modules.utils.BasicShellCommandHandler.exec(BasicShellCommandHandler.java:97)
	at android.os.ShellCommand.exec(ShellCommand.java:38)
	at com.android.providers.settings.SettingsService.onShellCommand(SettingsService.java:50)
	at android.os.Binder.shellCommand(Binder.java:953)
	at android.os.Binder.onTransact(Binder.java:837)
	at android.os.Binder.execTransactInternal(Binder.java:1187)
	at android.os.Binder.execTransact(Binder.java:1146)

Exception occurred while executing &amp;apos;delete&amp;apos;:
java.lang.SecurityException: Permission denial: writing to settings requires:android.permission.WRITE_SECURE_SETTINGS
	at com.android.providers.settings.SettingsProvider.enforceWritePermission(SettingsProvider.java:2266)
	at com.android.providers.settings.SettingsProvider.mutateGlobalSetting(SettingsProvider.java:1433)
	at com.android.providers.settings.SettingsProvider.mutateGlobalSetting(SettingsProvider.java:1425)
	at com.android.providers.settings.SettingsProvider.deleteGlobalSetting(SettingsProvider.java:1396)
	at com.android.providers.settings.SettingsProvider.call(SettingsProvider.java:521)
	at android.content.ContentProvider.call(ContentProvider.java:2486)
	at android.content.ContentProvider$Transport.call(ContentProvider.java:517)
	at com.android.providers.settings.SettingsService$MyShellCommand.deleteForUser(SettingsService.java:408)
	at com.android.providers.settings.SettingsService$MyShellCommand.onCommand(SettingsService.java:282)
	at com.android.modules.utils.BasicShellCommandHandler.exec(BasicShellCommandHandler.java:97)
	at android.os.ShellCommand.exec(ShellCommand.java:38)
	at com.android.providers.settings.SettingsService.onShellCommand(SettingsService.java:50)
	at android.os.Binder.shellCommand(Binder.java:953)
	at android.os.Binder.onTransact(Binder.java:837)
	at android.os.Binder.execTransactInternal(Binder.java:1187)
	at android.os.Binder.execTransact(Binder.java:1146)

Build info: version: &amp;apos;4.3.0&amp;apos;, revision: &amp;apos;a4995e2c09*&amp;apos;
System info: host: &amp;apos;DESKTOP-60ID76H&amp;apos;, ip: &amp;apos;10.17.18.8&amp;apos;, os.name: &amp;apos;Windows 10&amp;apos;, os.arch: &amp;apos;amd64&amp;apos;, os.version: &amp;apos;10.0&amp;apos;, java.version: &amp;apos;18.0.1.1&amp;apos;
Driver info: io.appium.java_client.AppiumDriver
Command: [null, newSession {capabilities=[{appium:app=, appium:automationName=UiAutomator2, browserName=Chrome, appium:deviceName=Mi 11, appium:newCommandTimeout=60, appium:noReset=true, platformName=ANDROID, appium:platformVersion=12 SKQ1.210908.001, appium:udid=e1fc1895}], desiredCapabilities=Capabilities {app: , automationName: UiAutomator2, browserName: Chrome, deviceName: Mi 11, newCommandTimeout: 60, noReset: true, platformName: ANDROID, platformVersion: 12 SKQ1.210908.001, udid: e1fc1895}}]
Capabilities {}">
      <![CDATA[org.openqa.selenium.SessionNotCreatedException: Could not start a new session. Response code 500. Message: An unknown server-side error occurred while processing the command. Original error: Error executing adbExec. Original error: 'Command 'D:\\Softwares\\android-sdk\\bin\\platform-tools\\adb.exe -P 5037 -s e1fc1895 shell 'settings delete global hidden_api_policy_pre_p_apps;settings delete global hidden_api_policy_p_apps;settings delete global hidden_api_policy'' exited with code 255'; Command output: 
Exception occurred while executing 'delete':
java.lang.SecurityException: Permission denial: writing to settings requires:android.permission.WRITE_SECURE_SETTINGS
at com.android.providers.settings.SettingsProvider.enforceWritePermission(SettingsProvider.java:2266)
at com.android.providers.settings.SettingsProvider.mutateGlobalSetting(SettingsProvider.java:1433)
at com.android.providers.settings.SettingsProvider.mutateGlobalSetting(SettingsProvider.java:1425)
at com.android.providers.settings.SettingsProvider.deleteGlobalSetting(SettingsProvider.java:1396)
at com.android.providers.settings.SettingsProvider.call(SettingsProvider.java:521)
at android.content.ContentProvider.call(ContentProvider.java:2486)
at android.content.ContentProvider$Transport.call(ContentProvider.java:517)
at com.android.providers.settings.SettingsService$MyShellCommand.deleteForUser(SettingsService.java:408)
at com.android.providers.settings.SettingsService$MyShellCommand.onCommand(SettingsService.java:282)
at com.android.modules.utils.BasicShellCommandHandler.exec(BasicShellCommandHandler.java:97)
at android.os.ShellCommand.exec(ShellCommand.java:38)
at com.android.providers.settings.SettingsService.onShellCommand(SettingsService.java:50)
at android.os.Binder.shellCommand(Binder.java:953)
at android.os.Binder.onTransact(Binder.java:837)
at android.os.Binder.execTransactInternal(Binder.java:1187)
at android.os.Binder.execTransact(Binder.java:1146)

Exception occurred while executing 'delete':
java.lang.SecurityException: Permission denial: writing to settings requires:android.permission.WRITE_SECURE_SETTINGS
at com.android.providers.settings.SettingsProvider.enforceWritePermission(SettingsProvider.java:2266)
at com.android.providers.settings.SettingsProvider.mutateGlobalSetting(SettingsProvider.java:1433)
at com.android.providers.settings.SettingsProvider.mutateGlobalSetting(SettingsProvider.java:1425)
at com.android.providers.settings.SettingsProvider.deleteGlobalSetting(SettingsProvider.java:1396)
at com.android.providers.settings.SettingsProvider.call(SettingsProvider.java:521)
at android.content.ContentProvider.call(ContentProvider.java:2486)
at android.content.ContentProvider$Transport.call(ContentProvider.java:517)
at com.android.providers.settings.SettingsService$MyShellCommand.deleteForUser(SettingsService.java:408)
at com.android.providers.settings.SettingsService$MyShellCommand.onCommand(SettingsService.java:282)
at com.android.modules.utils.BasicShellCommandHandler.exec(BasicShellCommandHandler.java:97)
at android.os.ShellCommand.exec(ShellCommand.java:38)
at com.android.providers.settings.SettingsService.onShellCommand(SettingsService.java:50)
at android.os.Binder.shellCommand(Binder.java:953)
at android.os.Binder.onTransact(Binder.java:837)
at android.os.Binder.execTransactInternal(Binder.java:1187)
at android.os.Binder.execTransact(Binder.java:1146)

Exception occurred while executing 'delete':
java.lang.SecurityException: Permission denial: writing to settings requires:android.permission.WRITE_SECURE_SETTINGS
at com.android.providers.settings.SettingsProvider.enforceWritePermission(SettingsProvider.java:2266)
at com.android.providers.settings.SettingsProvider.mutateGlobalSetting(SettingsProvider.java:1433)
at com.android.providers.settings.SettingsProvider.mutateGlobalSetting(SettingsProvider.java:1425)
at com.android.providers.settings.SettingsProvider.deleteGlobalSetting(SettingsProvider.java:1396)
at com.android.providers.settings.SettingsProvider.call(SettingsProvider.java:521)
at android.content.ContentProvider.call(ContentProvider.java:2486)
at android.content.ContentProvider$Transport.call(ContentProvider.java:517)
at com.android.providers.settings.SettingsService$MyShellCommand.deleteForUser(SettingsService.java:408)
at com.android.providers.settings.SettingsService$MyShellCommand.onCommand(SettingsService.java:282)
at com.android.modules.utils.BasicShellCommandHandler.exec(BasicShellCommandHandler.java:97)
at android.os.ShellCommand.exec(ShellCommand.java:38)
at com.android.providers.settings.SettingsService.onShellCommand(SettingsService.java:50)
at android.os.Binder.shellCommand(Binder.java:953)
at android.os.Binder.onTransact(Binder.java:837)
at android.os.Binder.execTransactInternal(Binder.java:1187)
at android.os.Binder.execTransact(Binder.java:1146)

Build info: version: '4.3.0', revision: 'a4995e2c09*'
System info: host: 'DESKTOP-60ID76H', ip: '10.17.18.8', os.name: 'Windows 10', os.arch: 'amd64', os.version: '10.0', java.version: '18.0.1.1'
Driver info: io.appium.java_client.AppiumDriver
Command: [null, newSession {capabilities=[{appium:app=, appium:automationName=UiAutomator2, browserName=Chrome, appium:deviceName=Mi 11, appium:newCommandTimeout=60, appium:noReset=true, platformName=ANDROID, appium:platformVersion=12 SKQ1.210908.001, appium:udid=e1fc1895}], desiredCapabilities=Capabilities {app: , automationName: UiAutomator2, browserName: Chrome, deviceName: Mi 11, newCommandTimeout: 60, noReset: true, platformName: ANDROID, platformVersion: 12 SKQ1.210908.001, udid: e1fc1895}}]
Capabilities {}
at org.openqa.selenium.remote.ProtocolHandshake.createSession(ProtocolHandshake.java:144)
at java.base/jdk.internal.reflect.DirectMethodHandleAccessor.invoke(DirectMethodHandleAccessor.java:104)
at java.base/java.lang.reflect.Method.invoke(Method.java:577)
at io.appium.java_client.remote.AppiumProtocolHandshake.createSession(AppiumProtocolHandshake.java:126)
at io.appium.java_client.remote.AppiumProtocolHandshake.createSession(AppiumProtocolHandshake.java:102)
at io.appium.java_client.remote.AppiumCommandExecutor.createSession(AppiumCommandExecutor.java:146)
at io.appium.java_client.remote.AppiumCommandExecutor.execute(AppiumCommandExecutor.java:180)
at org.openqa.selenium.remote.RemoteWebDriver.execute(RemoteWebDriver.java:569)
at io.appium.java_client.AppiumDriver.startSession(AppiumDriver.java:224)
at org.openqa.selenium.remote.RemoteWebDriver.<init>(RemoteWebDriver.java:179)
at io.appium.java_client.AppiumDriver.<init>(AppiumDriver.java:79)
at io.appium.java_client.AppiumDriver.<init>(AppiumDriver.java:87)
at tests.baseClass.setup(baseClass.java:39)
at java.base/jdk.internal.reflect.DirectMethodHandleAccessor.invoke(DirectMethodHandleAccessor.java:104)
at java.base/java.lang.reflect.Method.invoke(Method.java:577)
at org.testng.internal.invokers.MethodInvocationHelper.invokeMethod(MethodInvocationHelper.java:139)
at org.testng.internal.invokers.MethodInvocationHelper.invokeMethodConsideringTimeout(MethodInvocationHelper.java:69)
at org.testng.internal.invokers.ConfigInvoker.invokeConfigurationMethod(ConfigInvoker.java:361)
at org.testng.internal.invokers.ConfigInvoker.invokeConfigurations(ConfigInvoker.java:296)
at org.testng.TestRunner.invokeTestConfigurations(TestRunner.java:643)
at org.testng.TestRunner.beforeRun(TestRunner.java:632)
at org.testng.TestRunner.run(TestRunner.java:594)
at org.testng.SuiteRunner.runTest(SuiteRunner.java:433)
at org.testng.SuiteRunner.runSequentially(SuiteRunner.java:427)
at org.testng.SuiteRunner.privateRun(SuiteRunner.java:387)
at org.testng.SuiteRunner.run(SuiteRunner.java:330)
at org.testng.SuiteRunnerWorker.runSuite(SuiteRunnerWorker.java:52)
at org.testng.SuiteRunnerWorker.run(SuiteRunnerWorker.java:95)
at org.testng.TestNG.runSuitesSequentially(TestNG.java:1256)
at org.testng.TestNG.runSuitesLocally(TestNG.java:1176)
at org.testng.TestNG.runSuites(TestNG.java:1099)
at org.testng.TestNG.run(TestNG.java:1067)
at org.testng.remote.AbstractRemoteTestNG.run(AbstractRemoteTestNG.java:115)
at org.testng.remote.RemoteTestNG.initAndRun(RemoteTestNG.java:251)
at org.testng.remote.RemoteTestNG.main(RemoteTestNG.java:77)
]]>
    </failure>
  </testcase> <!-- @BeforeTest setup -->
  <testcase classname="tests.baseClass" name="@AfterTest tearDown" time="0.0">
    <skipped/>
  </testcase> <!-- @AfterTest tearDown -->
  <testcase classname="tests.baseClass" name="sampleTest" time="0.0">
    <skipped/>
  </testcase> <!-- sampleTest -->
</testsuite> <!-- Default test -->
